<?xml version="1.0" encoding="UTF-8"?>
<!-- Generated by org.testng.reporters.JUnitReportReporter -->
<testsuite hostname="INDHYDELP207" failures="0" tests="1" name="base.c1" time="0.019" errors="0" timestamp="30 Mar 2022 11:49:45 GMT" skipped="0">
  <testcase classname="base.c1" name="f1" time="0.019"/>
</testsuite> <!-- base.c1 -->
