<?xml version="1.0" encoding="UTF-8"?>
<!-- Generated by org.testng.reporters.JUnitReportReporter -->
<testsuite hostname="INDHYDELP207" failures="0" tests="2" name="smokeTesting.SmokeTest" time="8.383" errors="0" timestamp="30 Mar 2022 15:24:16 GMT" skipped="0">
  <testcase classname="smokeTesting.SmokeTest" name="smokeTest" time="4.315"/>
  <testcase classname="smokeTesting.SmokeTest" name="smokeTest" time="4.068"/>
</testsuite> <!-- smokeTesting.SmokeTest -->
