<?xml version="1.0" encoding="UTF-8"?>
<!-- Generated by org.testng.reporters.JUnitReportReporter -->
<testsuite hostname="INDHYDELP207" failures="0" tests="2" name="regressionTesting.RegressionTesting" time="88.804" errors="0" timestamp="30 Mar 2022 15:24:16 GMT" skipped="0">
  <testcase classname="regressionTesting.RegressionTesting" name="regTest" time="62.037"/>
  <testcase classname="regressionTesting.RegressionTesting" name="regTest" time="26.767"/>
</testsuite> <!-- regressionTesting.RegressionTesting -->
